This file contains any messages produced by compilers while
running configure, to aid debugging if configure makes a mistake.

It was created by VM configure 8.1.92a, which was
generated by GNU Autoconf 2.65.  Invocation command line was

  $ ./configure 

## --------- ##
## Platform. ##
## --------- ##

hostname = ivv
uname -m = x86_64
uname -r = 2.6.32-24-generic
uname -s = Linux
uname -v = #41-Ubuntu SMP Thu Aug 19 01:38:40 UTC 2010

/usr/bin/uname -p = unknown
/bin/uname -X     = unknown

/bin/arch              = unknown
/usr/bin/arch -k       = unknown
/usr/convex/getsysinfo = unknown
/usr/bin/hostinfo      = unknown
/bin/machine           = unknown
/usr/bin/oslevel       = unknown
/bin/universe          = unknown

PATH: /home/ivv/bin
PATH: /usr/local/sbin
PATH: /usr/local/bin
PATH: /usr/sbin
PATH: /usr/bin
PATH: /sbin
PATH: /bin
PATH: /usr/games
PATH: /opt/eclipse
PATH: /opt/modeller
PATH: /opt/SQuirreL
PATH: /opt/jakarta-jmeter-2.3.2/bin


## ----------- ##
## Core tests. ##
## ----------- ##

configure:1698: checking whether make sets $(MAKE)
configure:1720: result: yes
configure:1766: checking for a BSD-compatible install
configure:1834: result: /usr/bin/install -c
configure:1845: checking whether ln -s works
configure:1849: result: yes
configure:1858: checking for rm
configure:1876: found /bin/rm
configure:1889: result: /bin/rm
configure:1899: checking for ls
configure:1917: found /bin/ls
configure:1930: result: /bin/ls
configure:1940: checking for mkdir
configure:1958: found /bin/mkdir
configure:1971: result: /bin/mkdir
configure:1981: checking for grep
configure:1999: found /bin/grep
configure:2012: result: /bin/grep
configure:2024: checking for xargs
configure:2040: found /usr/bin/xargs
configure:2051: result: xargs
configure:2069: checking for gtar
configure:2099: result: no
configure:2069: checking for tar
configure:2085: found /bin/tar
configure:2096: result: tar
configure:2108: checking that tar is GNU tar
configure:2115: result: yes
configure:2127: checking for makeinfo
configure:2157: result: no
configure:2163: WARNING: *** No makeinfo program found.
configure:2165: WARNING: *** Info files will not be built.
configure:2170: checking for texi2dvi
configure:2200: result: no
configure:2206: WARNING: *** No texi2dvi program found.
configure:2208: WARNING: *** DVI and PDF files will not be built.
configure:2221: checking for emacs
configure:2237: found /usr/bin/emacs
configure:2248: result: emacs
configure:2265: checking checking emacs-type of emacs
configure:2271: result: emacs
configure:2274: checking checking emacs-version of emacs
configure:2285: result: 23
configure:2295: checking where .elc files should go
configure:2321: result: $(prefix)/share/emacs/site-lisp/vm
configure:2331: checking where pixmaps should go
configure:2336: result: $(prefix)/share/vm
configure:2351: checking which options to pass on to (X)Emacs
configure:2362: result: -batch -q -no-site-file -no-init-file -l $(srcdir)/vm-build.el
configure:2367: checking where the TeXinfo docs should go
configure:2378: result: ${datarootdir}/info
configure:2394: checking otherdirs
configure:2409: result: nil
configure:2594: creating ./config.status

## ---------------------- ##
## Running config.status. ##
## ---------------------- ##

This file was extended by VM config.status 8.1.92a, which was
generated by GNU Autoconf 2.65.  Invocation command line was

  CONFIG_FILES    = 
  CONFIG_HEADERS  = 
  CONFIG_LINKS    = 
  CONFIG_COMMANDS = 
  $ ./config.status 

on ivv

config.status:745: creating Makefile
config.status:745: creating lisp/Makefile
config.status:745: creating info/Makefile
config.status:745: creating src/Makefile
config.status:745: creating pixmaps/Makefile
config.status:745: creating vm-load.el

## ---------------- ##
## Cache variables. ##
## ---------------- ##

ac_cv_env_build_alias_set=
ac_cv_env_build_alias_value=
ac_cv_env_host_alias_set=
ac_cv_env_host_alias_value=
ac_cv_env_target_alias_set=
ac_cv_env_target_alias_value=
ac_cv_path_GREP=/bin/grep
ac_cv_path_LS=/bin/ls
ac_cv_path_MKDIR=/bin/mkdir
ac_cv_path_RM=/bin/rm
ac_cv_path_install='/usr/bin/install -c'
ac_cv_prog_EMACS_PROG=emacs
ac_cv_prog_TAR=tar
ac_cv_prog_XARGS=xargs
ac_cv_prog_make_make_set=yes

## ----------------- ##
## Output variables. ##
## ----------------- ##

DEFS='-DPACKAGE_NAME=\"VM\" -DPACKAGE_TARNAME=\"vm\" -DPACKAGE_VERSION=\"8.1.92a\" -DPACKAGE_STRING=\"VM\ 8.1.92a\" -DPACKAGE_BUGREPORT=\"vm@lists.launchpad.net\" -DPACKAGE_URL=\"\"'
ECHO_C=''
ECHO_N='-n'
ECHO_T=''
EMACS_FLAVOR='emacs'
EMACS_PROG='emacs'
EMACS_VERSION='23'
FLAGS='-batch -q -no-site-file -no-init-file -l $(srcdir)/vm-build.el'
GREP='/bin/grep'
INSTALL_DATA='${INSTALL} -m 644'
INSTALL_PROGRAM='${INSTALL}'
INSTALL_SCRIPT='${INSTALL}'
LIBOBJS=''
LIBS=''
LINKPATH=''
LN_S='ln -s'
LS='/bin/ls'
LTLIBOBJS=''
MAKEINFO=''
MKDIR='/bin/mkdir'
OTHERDIRS='nil'
PACKAGEDIR=''
PACKAGE_BUGREPORT='vm@lists.launchpad.net'
PACKAGE_NAME='VM'
PACKAGE_STRING='VM 8.1.92a'
PACKAGE_TARNAME='vm'
PACKAGE_URL=''
PACKAGE_VERSION='8.1.92a'
PATH_SEPARATOR=':'
RM='/bin/rm'
SET_MAKE=''
SHELL='/bin/bash'
SYMLINKS='no'
TAR='tar'
TEXI2DVI=''
XARGS='xargs'
bindir='${exec_prefix}/bin'
build_alias=''
datadir='$(prefix)/share'
datarootdir='${prefix}/share'
docdir='${datarootdir}/doc/${PACKAGE_TARNAME}'
dvidir='${docdir}'
exec_prefix='${prefix}'
host_alias=''
htmldir='${docdir}'
includedir='${prefix}/include'
info_dir='${datarootdir}/info'
infodir='${datarootdir}/info'
libdir='${exec_prefix}/lib'
libexecdir='${exec_prefix}/libexec'
lispdir='$(prefix)/share/emacs/site-lisp/vm'
localedir='${datarootdir}/locale'
localstatedir='${prefix}/var'
mandir='${datarootdir}/man'
oldincludedir='/usr/include'
pdfdir='${docdir}'
pixmapdir='$(prefix)/share/vm'
prefix='/usr/local'
program_transform_name='s,x,x,'
psdir='${docdir}'
sbindir='${exec_prefix}/sbin'
sharedstatedir='${prefix}/com'
sysconfdir='${prefix}/etc'
target_alias=''

## ----------- ##
## confdefs.h. ##
## ----------- ##

/* confdefs.h */
#define PACKAGE_NAME "VM"
#define PACKAGE_TARNAME "vm"
#define PACKAGE_VERSION "8.1.92a"
#define PACKAGE_STRING "VM 8.1.92a"
#define PACKAGE_BUGREPORT "vm@lists.launchpad.net"
#define PACKAGE_URL ""

configure: exit 0
